C:\Program Files (x86)\Microsoft Visual Studio\2019\Community\MSBuild\Microsoft\VC\v160\Microsoft.CppBuild.targets(411,5): warning MSB8028: The intermediate directory (x64\Debug\) contains files shared from another project (WindowsImplantFuncs.vcxproj).  This can lead to incorrect clean and rebuild behavior.
  main.cpp
  net.cpp
C:\Users\Bob\source\repos\Cheadley\WindowsImplantFuncs\WindowsImplantFuncs\net.cpp(20): warning C4018: '<': signed/unsigned mismatch
C:\Users\Bob\source\repos\Cheadley\WindowsImplantFuncs\WindowsImplantFuncs\net.cpp(48): warning C4018: '<': signed/unsigned mismatch
C:\Users\Bob\source\repos\Cheadley\WindowsImplantFuncs\WindowsImplantFuncs\net.cpp(76): warning C4018: '<': signed/unsigned mismatch
C:\Users\Bob\source\repos\Cheadley\WindowsImplantFuncs\WindowsImplantFuncs\net.cpp(108): warning C4018: '<': signed/unsigned mismatch
C:\Users\Bob\source\repos\Cheadley\WindowsImplantFuncs\WindowsImplantFuncs\net.cpp(142): warning C4018: '<': signed/unsigned mismatch
C:\Users\Bob\source\repos\Cheadley\WindowsImplantFuncs\WindowsImplantFuncs\net.cpp(132): warning C4101: 'filter': unreferenced local variable
C:\Users\Bob\source\repos\Cheadley\WindowsImplantFuncs\WindowsImplantFuncs\net.cpp(167): warning C4018: '<': signed/unsigned mismatch
C:\Users\Bob\source\repos\Cheadley\WindowsImplantFuncs\WindowsImplantFuncs\net.cpp(200): warning C4244: 'argument': conversion from 'DWORD' to '_Elem', possible loss of data
          with
          [
              _Elem=char
          ]
C:\Users\Bob\source\repos\Cheadley\WindowsImplantFuncs\WindowsImplantFuncs\net.cpp(206): warning C4244: 'argument': conversion from 'DWORD' to '_Elem', possible loss of data
          with
          [
              _Elem=char
          ]
C:\Users\Bob\source\repos\Cheadley\WindowsImplantFuncs\WindowsImplantFuncs\net.cpp(212): warning C4244: 'argument': conversion from 'DWORD' to '_Elem', possible loss of data
          with
          [
              _Elem=char
          ]
C:\Users\Bob\source\repos\Cheadley\WindowsImplantFuncs\WindowsImplantFuncs\net.cpp(217): warning C4018: '<': signed/unsigned mismatch
C:\Users\Bob\source\repos\Cheadley\WindowsImplantFuncs\WindowsImplantFuncs\net.cpp(221): warning C4244: 'argument': conversion from 'DWORD' to '_Elem', possible loss of data
          with
          [
              _Elem=char
          ]
C:\Users\Bob\source\repos\Cheadley\WindowsImplantFuncs\WindowsImplantFuncs\net.cpp(253): warning C4244: 'argument': conversion from 'DWORD' to '_Elem', possible loss of data
          with
          [
              _Elem=char
          ]
C:\Users\Bob\source\repos\Cheadley\WindowsImplantFuncs\WindowsImplantFuncs\net.cpp(259): warning C4244: 'argument': conversion from 'DWORD' to '_Elem', possible loss of data
          with
          [
              _Elem=char
          ]
C:\Users\Bob\source\repos\Cheadley\WindowsImplantFuncs\WindowsImplantFuncs\net.cpp(265): warning C4244: 'argument': conversion from 'DWORD' to '_Elem', possible loss of data
          with
          [
              _Elem=char
          ]
C:\Users\Bob\source\repos\Cheadley\WindowsImplantFuncs\WindowsImplantFuncs\net.cpp(270): warning C4018: '<': signed/unsigned mismatch
C:\Users\Bob\source\repos\Cheadley\WindowsImplantFuncs\WindowsImplantFuncs\net.cpp(274): warning C4244: 'argument': conversion from 'DWORD' to '_Elem', possible loss of data
          with
          [
              _Elem=char
          ]
C:\Users\Bob\source\repos\Cheadley\WindowsImplantFuncs\WindowsImplantFuncs\net.cpp(296): warning C4018: '<': signed/unsigned mismatch
C:\Users\Bob\source\repos\Cheadley\WindowsImplantFuncs\WindowsImplantFuncs\net.cpp(300): warning C4244: 'argument': conversion from 'DWORD' to '_Elem', possible loss of data
          with
          [
              _Elem=char
          ]
C:\Users\Bob\source\repos\Cheadley\WindowsImplantFuncs\WindowsImplantFuncs\net.cpp(323): warning C4018: '<': signed/unsigned mismatch
C:\Users\Bob\source\repos\Cheadley\WindowsImplantFuncs\WindowsImplantFuncs\net.cpp(327): warning C4244: 'argument': conversion from 'DWORD' to '_Elem', possible loss of data
          with
          [
              _Elem=char
          ]
  Generating Code...
  WindowsImplantFuncs.vcxproj -> C:\Users\Bob\source\repos\Cheadley\WindowsImplantFuncs\x64\Debug\NetFunctions.exe
